
> cardsphere@1.0.0 web
> expo start --web

Starting project at /app
Starting Metro Bundler

The following packages should be updated for best compatibility with the installed expo version:
  @react-native-async-storage/async-storage@3.1.1 - expected version: 2.2.0
  babel-preset-expo@57.0.2 - expected version: ~55.0.8
  expo-file-system@57.0.0 - expected version: ~55.0.23
  expo-media-library@57.0.1 - expected version: ~55.0.18
  expo-print@57.0.0 - expected version: ~55.0.16
  expo-sharing@57.0.3 - expected version: ~55.0.21
  react-native-svg@15.15.5 - expected version: 15.15.3
  react-native-view-shot@5.1.1 - expected version: 4.0.3
Your project may not work correctly until you install the expected versions of the packages.
Waiting on http://localhost:8081
Logs for your project will appear below.
Web ./index.js ░░░░░░░░░░░░░░░░  0.0% (0/1)
Web Bundled 1742ms index.js (800 modules)
 LOG  [web] Logs will appear in the browser console
Web Bundled 47ms index.js (1 module)
 LOG  [web] Logs will appear in the browser console
Web ./index.js ░░░░░░░░░░░░░░░░  0.0% (0/1)
Web Bundled 46ms index.js (1 module)
 LOG  [web] Logs will appear in the browser console
Web Bundled 58ms index.js (1 module)
 LOG  [web] Logs will appear in the browser console
Web ./index.js ░░░░░░░░░░░░░░░░  0.0% (0/1)
Web Bundled 52ms index.js (1 module)
 LOG  [web] Logs will appear in the browser console
Web Bundled 41ms index.js (1 module)
 LOG  [web] Logs will appear in the browser console
Web ./index.js ░░░░░░░░░░░░░░░░  0.0% (0/1)
Web Bundled 53ms index.js (1 module)
 LOG  [web] Logs will appear in the browser console
Web Bundled 46ms index.js (1 module)
 LOG  [web] Logs will appear in the browser console
Web ./index.js ░░░░░░░░░░░░░░░░  0.0% (0/1)
Web Bundled 58ms index.js (1 module)
 LOG  [web] Logs will appear in the browser console
Web Bundled 44ms index.js (1 module)
 LOG  [web] Logs will appear in the browser console
